<?xml version="1.0" encoding="UTF-8"?>
<testsuite xmlns:xsi="http://www.w3.org/2001/XMLSchema-instance" xsi:noNamespaceSchemaLocation="https://maven.apache.org/surefire/maven-surefire-plugin/xsd/surefire-test-report.xsd" name="com.example.freeemaker.FreeemakerApplicationTests" time="5.854" tests="1" errors="0" skipped="0" failures="0">
  <properties>
    <property name="sun.desktop" value="windows"/>
    <property name="awt.toolkit" value="sun.awt.windows.WToolkit"/>
    <property name="file.encoding.pkg" value="sun.io"/>
    <property name="java.specification.version" value="1.8"/>
    <property name="sun.cpu.isalist" value="amd64"/>
    <property name="sun.jnu.encoding" value="GBK"/>
    <property name="java.class.path" value="C:\Users\yaoyansong\Desktop\freeemaker\target\test-classes;C:\Users\yaoyansong\Desktop\freeemaker\target\classes;D:\java\java-web\apache-maven-3.8.5-bin\LocalWarehouse\org\springframework\boot\spring-boot-starter-web\2.7.9\spring-boot-starter-web-2.7.9.jar;D:\java\java-web\apache-maven-3.8.5-bin\LocalWarehouse\org\springframework\boot\spring-boot-starter\2.7.9\spring-boot-starter-2.7.9.jar;D:\java\java-web\apache-maven-3.8.5-bin\LocalWarehouse\org\springframework\boot\spring-boot\2.7.9\spring-boot-2.7.9.jar;D:\java\java-web\apache-maven-3.8.5-bin\LocalWarehouse\org\springframework\boot\spring-boot-autoconfigure\2.7.9\spring-boot-autoconfigure-2.7.9.jar;D:\java\java-web\apache-maven-3.8.5-bin\LocalWarehouse\org\springframework\boot\spring-boot-starter-logging\2.7.9\spring-boot-starter-logging-2.7.9.jar;D:\java\java-web\apache-maven-3.8.5-bin\LocalWarehouse\ch\qos\logback\logback-classic\1.2.11\logback-classic-1.2.11.jar;D:\java\java-web\apache-maven-3.8.5-bin\LocalWarehouse\ch\qos\logback\logback-core\1.2.11\logback-core-1.2.11.jar;D:\java\java-web\apache-maven-3.8.5-bin\LocalWarehouse\org\apache\logging\log4j\log4j-to-slf4j\2.17.2\log4j-to-slf4j-2.17.2.jar;D:\java\java-web\apache-maven-3.8.5-bin\LocalWarehouse\org\apache\logging\log4j\log4j-api\2.17.2\log4j-api-2.17.2.jar;D:\java\java-web\apache-maven-3.8.5-bin\LocalWarehouse\org\slf4j\jul-to-slf4j\1.7.36\jul-to-slf4j-1.7.36.jar;D:\java\java-web\apache-maven-3.8.5-bin\LocalWarehouse\jakarta\annotation\jakarta.annotation-api\1.3.5\jakarta.annotation-api-1.3.5.jar;D:\java\java-web\apache-maven-3.8.5-bin\LocalWarehouse\org\yaml\snakeyaml\1.30\snakeyaml-1.30.jar;D:\java\java-web\apache-maven-3.8.5-bin\LocalWarehouse\org\springframework\boot\spring-boot-starter-json\2.7.9\spring-boot-starter-json-2.7.9.jar;D:\java\java-web\apache-maven-3.8.5-bin\LocalWarehouse\com\fasterxml\jackson\core\jackson-databind\2.13.5\jackson-databind-2.13.5.jar;D:\java\java-web\apache-maven-3.8.5-bin\LocalWarehouse\com\fasterxml\jackson\core\jackson-annotations\2.13.5\jackson-annotations-2.13.5.jar;D:\java\java-web\apache-maven-3.8.5-bin\LocalWarehouse\com\fasterxml\jackson\core\jackson-core\2.13.5\jackson-core-2.13.5.jar;D:\java\java-web\apache-maven-3.8.5-bin\LocalWarehouse\com\fasterxml\jackson\datatype\jackson-datatype-jdk8\2.13.5\jackson-datatype-jdk8-2.13.5.jar;D:\java\java-web\apache-maven-3.8.5-bin\LocalWarehouse\com\fasterxml\jackson\datatype\jackson-datatype-jsr310\2.13.5\jackson-datatype-jsr310-2.13.5.jar;D:\java\java-web\apache-maven-3.8.5-bin\LocalWarehouse\com\fasterxml\jackson\module\jackson-module-parameter-names\2.13.5\jackson-module-parameter-names-2.13.5.jar;D:\java\java-web\apache-maven-3.8.5-bin\LocalWarehouse\org\springframework\boot\spring-boot-starter-tomcat\2.7.9\spring-boot-starter-tomcat-2.7.9.jar;D:\java\java-web\apache-maven-3.8.5-bin\LocalWarehouse\org\apache\tomcat\embed\tomcat-embed-core\9.0.71\tomcat-embed-core-9.0.71.jar;D:\java\java-web\apache-maven-3.8.5-bin\LocalWarehouse\org\apache\tomcat\embed\tomcat-embed-el\9.0.71\tomcat-embed-el-9.0.71.jar;D:\java\java-web\apache-maven-3.8.5-bin\LocalWarehouse\org\apache\tomcat\embed\tomcat-embed-websocket\9.0.71\tomcat-embed-websocket-9.0.71.jar;D:\java\java-web\apache-maven-3.8.5-bin\LocalWarehouse\org\springframework\spring-web\5.3.25\spring-web-5.3.25.jar;D:\java\java-web\apache-maven-3.8.5-bin\LocalWarehouse\org\springframework\spring-beans\5.3.25\spring-beans-5.3.25.jar;D:\java\java-web\apache-maven-3.8.5-bin\LocalWarehouse\org\springframework\spring-webmvc\5.3.25\spring-webmvc-5.3.25.jar;D:\java\java-web\apache-maven-3.8.5-bin\LocalWarehouse\org\springframework\spring-aop\5.3.25\spring-aop-5.3.25.jar;D:\java\java-web\apache-maven-3.8.5-bin\LocalWarehouse\org\springframework\spring-context\5.3.25\spring-context-5.3.25.jar;D:\java\java-web\apache-maven-3.8.5-bin\LocalWarehouse\org\springframework\spring-expression\5.3.25\spring-expression-5.3.25.jar;D:\java\java-web\apache-maven-3.8.5-bin\LocalWarehouse\org\springframework\boot\spring-boot-starter-test\2.7.9\spring-boot-starter-test-2.7.9.jar;D:\java\java-web\apache-maven-3.8.5-bin\LocalWarehouse\org\springframework\boot\spring-boot-test\2.7.9\spring-boot-test-2.7.9.jar;D:\java\java-web\apache-maven-3.8.5-bin\LocalWarehouse\org\springframework\boot\spring-boot-test-autoconfigure\2.7.9\spring-boot-test-autoconfigure-2.7.9.jar;D:\java\java-web\apache-maven-3.8.5-bin\LocalWarehouse\com\jayway\jsonpath\json-path\2.7.0\json-path-2.7.0.jar;D:\java\java-web\apache-maven-3.8.5-bin\LocalWarehouse\net\minidev\json-smart\2.4.8\json-smart-2.4.8.jar;D:\java\java-web\apache-maven-3.8.5-bin\LocalWarehouse\net\minidev\accessors-smart\2.4.8\accessors-smart-2.4.8.jar;D:\java\java-web\apache-maven-3.8.5-bin\LocalWarehouse\org\ow2\asm\asm\9.1\asm-9.1.jar;D:\java\java-web\apache-maven-3.8.5-bin\LocalWarehouse\org\slf4j\slf4j-api\1.7.36\slf4j-api-1.7.36.jar;D:\java\java-web\apache-maven-3.8.5-bin\LocalWarehouse\jakarta\xml\bind\jakarta.xml.bind-api\2.3.3\jakarta.xml.bind-api-2.3.3.jar;D:\java\java-web\apache-maven-3.8.5-bin\LocalWarehouse\jakarta\activation\jakarta.activation-api\1.2.2\jakarta.activation-api-1.2.2.jar;D:\java\java-web\apache-maven-3.8.5-bin\LocalWarehouse\org\assertj\assertj-core\3.22.0\assertj-core-3.22.0.jar;D:\java\java-web\apache-maven-3.8.5-bin\LocalWarehouse\org\hamcrest\hamcrest\2.2\hamcrest-2.2.jar;D:\java\java-web\apache-maven-3.8.5-bin\LocalWarehouse\org\junit\jupiter\junit-jupiter\5.8.2\junit-jupiter-5.8.2.jar;D:\java\java-web\apache-maven-3.8.5-bin\LocalWarehouse\org\junit\jupiter\junit-jupiter-api\5.8.2\junit-jupiter-api-5.8.2.jar;D:\java\java-web\apache-maven-3.8.5-bin\LocalWarehouse\org\opentest4j\opentest4j\1.2.0\opentest4j-1.2.0.jar;D:\java\java-web\apache-maven-3.8.5-bin\LocalWarehouse\org\junit\platform\junit-platform-commons\1.8.2\junit-platform-commons-1.8.2.jar;D:\java\java-web\apache-maven-3.8.5-bin\LocalWarehouse\org\apiguardian\apiguardian-api\1.1.2\apiguardian-api-1.1.2.jar;D:\java\java-web\apache-maven-3.8.5-bin\LocalWarehouse\org\junit\jupiter\junit-jupiter-params\5.8.2\junit-jupiter-params-5.8.2.jar;D:\java\java-web\apache-maven-3.8.5-bin\LocalWarehouse\org\junit\jupiter\junit-jupiter-engine\5.8.2\junit-jupiter-engine-5.8.2.jar;D:\java\java-web\apache-maven-3.8.5-bin\LocalWarehouse\org\junit\platform\junit-platform-engine\1.8.2\junit-platform-engine-1.8.2.jar;D:\java\java-web\apache-maven-3.8.5-bin\LocalWarehouse\org\mockito\mockito-core\4.5.1\mockito-core-4.5.1.jar;D:\java\java-web\apache-maven-3.8.5-bin\LocalWarehouse\net\bytebuddy\byte-buddy\1.12.23\byte-buddy-1.12.23.jar;D:\java\java-web\apache-maven-3.8.5-bin\LocalWarehouse\net\bytebuddy\byte-buddy-agent\1.12.23\byte-buddy-agent-1.12.23.jar;D:\java\java-web\apache-maven-3.8.5-bin\LocalWarehouse\org\objenesis\objenesis\3.2\objenesis-3.2.jar;D:\java\java-web\apache-maven-3.8.5-bin\LocalWarehouse\org\mockito\mockito-junit-jupiter\4.5.1\mockito-junit-jupiter-4.5.1.jar;D:\java\java-web\apache-maven-3.8.5-bin\LocalWarehouse\org\skyscreamer\jsonassert\1.5.1\jsonassert-1.5.1.jar;D:\java\java-web\apache-maven-3.8.5-bin\LocalWarehouse\com\vaadin\external\google\android-json\0.0.20131108.vaadin1\android-json-0.0.20131108.vaadin1.jar;D:\java\java-web\apache-maven-3.8.5-bin\LocalWarehouse\org\springframework\spring-core\5.3.25\spring-core-5.3.25.jar;D:\java\java-web\apache-maven-3.8.5-bin\LocalWarehouse\org\springframework\spring-jcl\5.3.25\spring-jcl-5.3.25.jar;D:\java\java-web\apache-maven-3.8.5-bin\LocalWarehouse\org\springframework\spring-test\5.3.25\spring-test-5.3.25.jar;D:\java\java-web\apache-maven-3.8.5-bin\LocalWarehouse\org\xmlunit\xmlunit-core\2.9.1\xmlunit-core-2.9.1.jar;D:\java\java-web\apache-maven-3.8.5-bin\LocalWarehouse\org\springframework\boot\spring-boot-starter-freemarker\2.7.9\spring-boot-starter-freemarker-2.7.9.jar;D:\java\java-web\apache-maven-3.8.5-bin\LocalWarehouse\org\freemarker\freemarker\2.3.32\freemarker-2.3.32.jar;D:\java\java-web\apache-maven-3.8.5-bin\LocalWarehouse\org\springframework\spring-context-support\5.3.25\spring-context-support-5.3.25.jar;"/>
    <property name="java.vm.vendor" value="Oracle Corporation"/>
    <property name="sun.arch.data.model" value="64"/>
    <property name="user.variant" value=""/>
    <property name="java.vendor.url" value="http://java.oracle.com/"/>
    <property name="user.timezone" value="Asia/Shanghai"/>
    <property name="java.vm.specification.version" value="1.8"/>
    <property name="os.name" value="Windows 10"/>
    <property name="user.country" value="CN"/>
    <property name="sun.java.launcher" value="SUN_STANDARD"/>
    <property name="sun.boot.library.path" value="D:\java\jdk1.8\jre\bin"/>
    <property name="sun.java.command" value="C:\Users\YAOYAN~1\AppData\Local\Temp\surefire4547716627804893796\surefirebooter815359050576380466.jar C:\Users\yaoyansong\AppData\Local\Temp\surefire4547716627804893796 2023-09-03T01-08-42_116-jvmRun1 surefire7464515953404100206tmp surefire_04416797407413890812tmp"/>
    <property name="surefire.test.class.path" value="C:\Users\yaoyansong\Desktop\freeemaker\target\test-classes;C:\Users\yaoyansong\Desktop\freeemaker\target\classes;D:\java\java-web\apache-maven-3.8.5-bin\LocalWarehouse\org\springframework\boot\spring-boot-starter-web\2.7.9\spring-boot-starter-web-2.7.9.jar;D:\java\java-web\apache-maven-3.8.5-bin\LocalWarehouse\org\springframework\boot\spring-boot-starter\2.7.9\spring-boot-starter-2.7.9.jar;D:\java\java-web\apache-maven-3.8.5-bin\LocalWarehouse\org\springframework\boot\spring-boot\2.7.9\spring-boot-2.7.9.jar;D:\java\java-web\apache-maven-3.8.5-bin\LocalWarehouse\org\springframework\boot\spring-boot-autoconfigure\2.7.9\spring-boot-autoconfigure-2.7.9.jar;D:\java\java-web\apache-maven-3.8.5-bin\LocalWarehouse\org\springframework\boot\spring-boot-starter-logging\2.7.9\spring-boot-starter-logging-2.7.9.jar;D:\java\java-web\apache-maven-3.8.5-bin\LocalWarehouse\ch\qos\logback\logback-classic\1.2.11\logback-classic-1.2.11.jar;D:\java\java-web\apache-maven-3.8.5-bin\LocalWarehouse\ch\qos\logback\logback-core\1.2.11\logback-core-1.2.11.jar;D:\java\java-web\apache-maven-3.8.5-bin\LocalWarehouse\org\apache\logging\log4j\log4j-to-slf4j\2.17.2\log4j-to-slf4j-2.17.2.jar;D:\java\java-web\apache-maven-3.8.5-bin\LocalWarehouse\org\apache\logging\log4j\log4j-api\2.17.2\log4j-api-2.17.2.jar;D:\java\java-web\apache-maven-3.8.5-bin\LocalWarehouse\org\slf4j\jul-to-slf4j\1.7.36\jul-to-slf4j-1.7.36.jar;D:\java\java-web\apache-maven-3.8.5-bin\LocalWarehouse\jakarta\annotation\jakarta.annotation-api\1.3.5\jakarta.annotation-api-1.3.5.jar;D:\java\java-web\apache-maven-3.8.5-bin\LocalWarehouse\org\yaml\snakeyaml\1.30\snakeyaml-1.30.jar;D:\java\java-web\apache-maven-3.8.5-bin\LocalWarehouse\org\springframework\boot\spring-boot-starter-json\2.7.9\spring-boot-starter-json-2.7.9.jar;D:\java\java-web\apache-maven-3.8.5-bin\LocalWarehouse\com\fasterxml\jackson\core\jackson-databind\2.13.5\jackson-databind-2.13.5.jar;D:\java\java-web\apache-maven-3.8.5-bin\LocalWarehouse\com\fasterxml\jackson\core\jackson-annotations\2.13.5\jackson-annotations-2.13.5.jar;D:\java\java-web\apache-maven-3.8.5-bin\LocalWarehouse\com\fasterxml\jackson\core\jackson-core\2.13.5\jackson-core-2.13.5.jar;D:\java\java-web\apache-maven-3.8.5-bin\LocalWarehouse\com\fasterxml\jackson\datatype\jackson-datatype-jdk8\2.13.5\jackson-datatype-jdk8-2.13.5.jar;D:\java\java-web\apache-maven-3.8.5-bin\LocalWarehouse\com\fasterxml\jackson\datatype\jackson-datatype-jsr310\2.13.5\jackson-datatype-jsr310-2.13.5.jar;D:\java\java-web\apache-maven-3.8.5-bin\LocalWarehouse\com\fasterxml\jackson\module\jackson-module-parameter-names\2.13.5\jackson-module-parameter-names-2.13.5.jar;D:\java\java-web\apache-maven-3.8.5-bin\LocalWarehouse\org\springframework\boot\spring-boot-starter-tomcat\2.7.9\spring-boot-starter-tomcat-2.7.9.jar;D:\java\java-web\apache-maven-3.8.5-bin\LocalWarehouse\org\apache\tomcat\embed\tomcat-embed-core\9.0.71\tomcat-embed-core-9.0.71.jar;D:\java\java-web\apache-maven-3.8.5-bin\LocalWarehouse\org\apache\tomcat\embed\tomcat-embed-el\9.0.71\tomcat-embed-el-9.0.71.jar;D:\java\java-web\apache-maven-3.8.5-bin\LocalWarehouse\org\apache\tomcat\embed\tomcat-embed-websocket\9.0.71\tomcat-embed-websocket-9.0.71.jar;D:\java\java-web\apache-maven-3.8.5-bin\LocalWarehouse\org\springframework\spring-web\5.3.25\spring-web-5.3.25.jar;D:\java\java-web\apache-maven-3.8.5-bin\LocalWarehouse\org\springframework\spring-beans\5.3.25\spring-beans-5.3.25.jar;D:\java\java-web\apache-maven-3.8.5-bin\LocalWarehouse\org\springframework\spring-webmvc\5.3.25\spring-webmvc-5.3.25.jar;D:\java\java-web\apache-maven-3.8.5-bin\LocalWarehouse\org\springframework\spring-aop\5.3.25\spring-aop-5.3.25.jar;D:\java\java-web\apache-maven-3.8.5-bin\LocalWarehouse\org\springframework\spring-context\5.3.25\spring-context-5.3.25.jar;D:\java\java-web\apache-maven-3.8.5-bin\LocalWarehouse\org\springframework\spring-expression\5.3.25\spring-expression-5.3.25.jar;D:\java\java-web\apache-maven-3.8.5-bin\LocalWarehouse\org\springframework\boot\spring-boot-starter-test\2.7.9\spring-boot-starter-test-2.7.9.jar;D:\java\java-web\apache-maven-3.8.5-bin\LocalWarehouse\org\springframework\boot\spring-boot-test\2.7.9\spring-boot-test-2.7.9.jar;D:\java\java-web\apache-maven-3.8.5-bin\LocalWarehouse\org\springframework\boot\spring-boot-test-autoconfigure\2.7.9\spring-boot-test-autoconfigure-2.7.9.jar;D:\java\java-web\apache-maven-3.8.5-bin\LocalWarehouse\com\jayway\jsonpath\json-path\2.7.0\json-path-2.7.0.jar;D:\java\java-web\apache-maven-3.8.5-bin\LocalWarehouse\net\minidev\json-smart\2.4.8\json-smart-2.4.8.jar;D:\java\java-web\apache-maven-3.8.5-bin\LocalWarehouse\net\minidev\accessors-smart\2.4.8\accessors-smart-2.4.8.jar;D:\java\java-web\apache-maven-3.8.5-bin\LocalWarehouse\org\ow2\asm\asm\9.1\asm-9.1.jar;D:\java\java-web\apache-maven-3.8.5-bin\LocalWarehouse\org\slf4j\slf4j-api\1.7.36\slf4j-api-1.7.36.jar;D:\java\java-web\apache-maven-3.8.5-bin\LocalWarehouse\jakarta\xml\bind\jakarta.xml.bind-api\2.3.3\jakarta.xml.bind-api-2.3.3.jar;D:\java\java-web\apache-maven-3.8.5-bin\LocalWarehouse\jakarta\activation\jakarta.activation-api\1.2.2\jakarta.activation-api-1.2.2.jar;D:\java\java-web\apache-maven-3.8.5-bin\LocalWarehouse\org\assertj\assertj-core\3.22.0\assertj-core-3.22.0.jar;D:\java\java-web\apache-maven-3.8.5-bin\LocalWarehouse\org\hamcrest\hamcrest\2.2\hamcrest-2.2.jar;D:\java\java-web\apache-maven-3.8.5-bin\LocalWarehouse\org\junit\jupiter\junit-jupiter\5.8.2\junit-jupiter-5.8.2.jar;D:\java\java-web\apache-maven-3.8.5-bin\LocalWarehouse\org\junit\jupiter\junit-jupiter-api\5.8.2\junit-jupiter-api-5.8.2.jar;D:\java\java-web\apache-maven-3.8.5-bin\LocalWarehouse\org\opentest4j\opentest4j\1.2.0\opentest4j-1.2.0.jar;D:\java\java-web\apache-maven-3.8.5-bin\LocalWarehouse\org\junit\platform\junit-platform-commons\1.8.2\junit-platform-commons-1.8.2.jar;D:\java\java-web\apache-maven-3.8.5-bin\LocalWarehouse\org\apiguardian\apiguardian-api\1.1.2\apiguardian-api-1.1.2.jar;D:\java\java-web\apache-maven-3.8.5-bin\LocalWarehouse\org\junit\jupiter\junit-jupiter-params\5.8.2\junit-jupiter-params-5.8.2.jar;D:\java\java-web\apache-maven-3.8.5-bin\LocalWarehouse\org\junit\jupiter\junit-jupiter-engine\5.8.2\junit-jupiter-engine-5.8.2.jar;D:\java\java-web\apache-maven-3.8.5-bin\LocalWarehouse\org\junit\platform\junit-platform-engine\1.8.2\junit-platform-engine-1.8.2.jar;D:\java\java-web\apache-maven-3.8.5-bin\LocalWarehouse\org\mockito\mockito-core\4.5.1\mockito-core-4.5.1.jar;D:\java\java-web\apache-maven-3.8.5-bin\LocalWarehouse\net\bytebuddy\byte-buddy\1.12.23\byte-buddy-1.12.23.jar;D:\java\java-web\apache-maven-3.8.5-bin\LocalWarehouse\net\bytebuddy\byte-buddy-agent\1.12.23\byte-buddy-agent-1.12.23.jar;D:\java\java-web\apache-maven-3.8.5-bin\LocalWarehouse\org\objenesis\objenesis\3.2\objenesis-3.2.jar;D:\java\java-web\apache-maven-3.8.5-bin\LocalWarehouse\org\mockito\mockito-junit-jupiter\4.5.1\mockito-junit-jupiter-4.5.1.jar;D:\java\java-web\apache-maven-3.8.5-bin\LocalWarehouse\org\skyscreamer\jsonassert\1.5.1\jsonassert-1.5.1.jar;D:\java\java-web\apache-maven-3.8.5-bin\LocalWarehouse\com\vaadin\external\google\android-json\0.0.20131108.vaadin1\android-json-0.0.20131108.vaadin1.jar;D:\java\java-web\apache-maven-3.8.5-bin\LocalWarehouse\org\springframework\spring-core\5.3.25\spring-core-5.3.25.jar;D:\java\java-web\apache-maven-3.8.5-bin\LocalWarehouse\org\springframework\spring-jcl\5.3.25\spring-jcl-5.3.25.jar;D:\java\java-web\apache-maven-3.8.5-bin\LocalWarehouse\org\springframework\spring-test\5.3.25\spring-test-5.3.25.jar;D:\java\java-web\apache-maven-3.8.5-bin\LocalWarehouse\org\xmlunit\xmlunit-core\2.9.1\xmlunit-core-2.9.1.jar;D:\java\java-web\apache-maven-3.8.5-bin\LocalWarehouse\org\springframework\boot\spring-boot-starter-freemarker\2.7.9\spring-boot-starter-freemarker-2.7.9.jar;D:\java\java-web\apache-maven-3.8.5-bin\LocalWarehouse\org\freemarker\freemarker\2.3.32\freemarker-2.3.32.jar;D:\java\java-web\apache-maven-3.8.5-bin\LocalWarehouse\org\springframework\spring-context-support\5.3.25\spring-context-support-5.3.25.jar;"/>
    <property name="sun.cpu.endian" value="little"/>
    <property name="user.home" value="C:\Users\yaoyansong"/>
    <property name="user.language" value="zh"/>
    <property name="java.specification.vendor" value="Oracle Corporation"/>
    <property name="java.home" value="D:\java\jdk1.8\jre"/>
    <property name="basedir" value="C:\Users\yaoyansong\Desktop\freeemaker"/>
    <property name="file.separator" value="\"/>
    <property name="line.separator" value="&#10;"/>
    <property name="java.vm.specification.vendor" value="Oracle Corporation"/>
    <property name="java.specification.name" value="Java Platform API Specification"/>
    <property name="java.awt.graphicsenv" value="sun.awt.Win32GraphicsEnvironment"/>
    <property name="surefire.real.class.path" value="C:\Users\YAOYAN~1\AppData\Local\Temp\surefire4547716627804893796\surefirebooter815359050576380466.jar"/>
    <property name="sun.boot.class.path" value="D:\java\jdk1.8\jre\lib\resources.jar;D:\java\jdk1.8\jre\lib\rt.jar;D:\java\jdk1.8\jre\lib\sunrsasign.jar;D:\java\jdk1.8\jre\lib\jsse.jar;D:\java\jdk1.8\jre\lib\jce.jar;D:\java\jdk1.8\jre\lib\charsets.jar;D:\java\jdk1.8\jre\lib\jfr.jar;D:\java\jdk1.8\jre\classes"/>
    <property name="user.script" value=""/>
    <property name="sun.management.compiler" value="HotSpot 64-Bit Tiered Compilers"/>
    <property name="java.runtime.version" value="1.8.0_311-b11"/>
    <property name="user.name" value="yaoyansong"/>
    <property name="path.separator" value=";"/>
    <property name="os.version" value="10.0"/>
    <property name="java.endorsed.dirs" value="D:\java\jdk1.8\jre\lib\endorsed"/>
    <property name="java.runtime.name" value="Java(TM) SE Runtime Environment"/>
    <property name="file.encoding" value="GBK"/>
    <property name="java.vm.name" value="Java HotSpot(TM) 64-Bit Server VM"/>
    <property name="localRepository" value="D:\java\java-web\apache-maven-3.8.5-bin\LocalWarehouse"/>
    <property name="java.vendor.url.bug" value="http://bugreport.sun.com/bugreport/"/>
    <property name="java.io.tmpdir" value="C:\Users\YAOYAN~1\AppData\Local\Temp\"/>
    <property name="java.version" value="1.8.0_311"/>
    <property name="user.dir" value="C:\Users\yaoyansong\Desktop\freeemaker"/>
    <property name="os.arch" value="amd64"/>
    <property name="java.vm.specification.name" value="Java Virtual Machine Specification"/>
    <property name="java.awt.printerjob" value="sun.awt.windows.WPrinterJob"/>
    <property name="sun.os.patch.level" value=""/>
    <property name="java.library.path" value="D:\java\jdk1.8\jre\bin;C:\WINDOWS\Sun\Java\bin;C:\WINDOWS\system32;C:\WINDOWS;D:\java\jdk1.8\bin;D:\java\jdk1.8\jre\bin;C:\ProgramData\Oracle\Java\javapath;D:\VMware16\bin\;C:\Program Files\Common Files\Oracle\Java\javapath;C:\Windows\system32;C:\Windows;C:\Windows\System32\Wbem;C:\Windows\System32\WindowsPowerShell\v1.0\;C:\Windows\System32\OpenSSH\;C:\Program Files (x86)\NVIDIA Corporation\PhysX\Common;C:\Program Files\NVIDIA Corporation\NVIDIA NvDLISR;C:\WINDOWS\system32;C:\WINDOWS;C:\WINDOWS\System32\Wbem;C:\WINDOWS\System32\WindowsPowerShell\v1.0\;C:\WINDOWS\System32\OpenSSH\D:\java\jdk1.8\bin;D:\java\jdk1.8\jre\bin;C:\ProgramData\Oracle\Java\javapath;D:\VMware16\bin\;C:\Program Files\Common Files\Oracle\Java\javapath;C:\Windows\system32;C:\Windows;C:\Windows\System32\Wbem;C:\Windows\System32\WindowsPowerShell\v1.0\;C:\Windows\System32\OpenSSH\;C:\Program Files (x86)\NVIDIA Corporation\PhysX\Common;C:\Program Files\NVIDIA Corporation\NVIDIA NvDLISR;C:\WINDOWS\system32;C:\WINDOWS;C:\WINDOWS\System32\Wbem;C:\WINDOWS\System32\WindowsPowerShell\v1.0\;C:\WINDOWS\System32\OpenSSH\D:\java\jdk1.8\bin;D:\java\jdk1.8\jre\bin;C:\ProgramData\Oracle\Java\javapath;D:\VMware16\bin\;C:\Program Files\Common Files\Oracle\Java\javapath;C:\Windows\system32;C:\Windows;C:\Windows\System32\Wbem;C:\Windows\System32\WindowsPowerShell\v1.0\;C:\Windows\System32\OpenSSH\;C:\Program Files (x86)\NVIDIA Corporation\PhysX\Common;C:\Program Files\NVIDIA Corporation\NVIDIA NvDLISR;C:\WINDOWS\system32;C:\WINDOWS;C:\WINDOWS\System32\Wbem;C:\WINDOWS\System32\WindowsPowerShell\v1.0\;C:\WINDOWS\System32\OpenSSH\C:\WINDOWS\System32;C:\WINDOWS\System32\OpenSSH\;D:\for_the_one\LxRunOffline-v3.5.0-mingw;C:\Program Files\mingw-w64\x86_64-8.1.0-posix-seh-rt_v6-rev0\mingw64\bin;C:\Users\yaoyansong\AppData\Local\Packages\PythonSoftwareFoundation.Python.3.8_qbz5n2kfra8p0\LocalCache\local-packages\Python38\Scripts;D:\Git\Git\cmd;D:\go\Go_ven\bin;D:\for_the_one\phpStudy\phpstudy_pro\Extensions\php\php7.3.4nts;D:\java\java-web\apache-maven-3.8.5-bin\apache-maven-3.8.5\bin;D:\for_the_one\nodejs\;D:\CTF_Tools\netcat-win32-1.12;D:\nsfocus\OpenVPN\bin;D:\go\Go_ven\bin;C:\WINDOWS\System32\OpenSSH\;D:\for_the_one\LxRunOffline-v3.5.0-mingw;C:\Program Files\mingw-w64\x86_64-8.1.0-posix-seh-rt_v6-rev0\mingw64\bin;C:\Users\yaoyansong\AppData\Local\Packages\PythonSoftwareFoundation.Python.3.8_qbz5n2kfra8p0\LocalCache\local-packages\Python38\Scripts;D:\Git\Git\cmd;D:\go\Go_ven\bin;D:\for_the_one\phpStudy\phpstudy_pro\Extensions\php\php7.3.4nts;D:\java\java-web\apache-maven-3.8.5-bin\apache-maven-3.8.5\bin;D:\for_the_one\nodejs\;D:\CTF_Tools\netcat-win32-1.12;D:\nsfocus\OpenVPN\bin;D:\go\Go_ven\bin;C:\WINDOWS\System32\OpenSSH\;D:\for_the_one\LxRunOffline-v3.5.0-mingw;C:\Program Files\mingw-w64\x86_64-8.1.0-posix-seh-rt_v6-rev0\mingw64\bin;C:\Users\yaoyansong\AppData\Local\Packages\PythonSoftwareFoundation.Python.3.8_qbz5n2kfra8p0\LocalCache\local-packages\Python38\Scripts;D:\Git\Git\cmd;D:\go\Go_ven\bin;D:\for_the_one\phpStudy\phpstudy_pro\Extensions\php\php7.3.4nts;D:\java\java-web\apache-maven-3.8.5-bin\apache-maven-3.8.5\bin;D:\for_the_one\nodejs\;D:\CTF_Tools\netcat-win32-1.12;D:\nsfocus\OpenVPN\bin;D:\go\Go_ven\bin;C:\Users\yaoyansong\AppData\Local\Microsoft\WindowsApps;D:\vscode\Microsoft VS Code\bin;C:\Users\yaoyansong\AppData\Local\Packages\PythonSoftwareFoundation.Python.3.8_qbz5n2kfra8p0\LocalCache\local-packages\Python38\Scripts;D:\for_the_one\mysql-5.7.37-winx64\bin;C:\Users\yaoyansong\AppData\Roaming\npm;D:\CTF_Tools\nmap;C:\Users\yaoyansong\go\bin;."/>
    <property name="java.vm.info" value="mixed mode"/>
    <property name="java.vendor" value="Oracle Corporation"/>
    <property name="java.vm.version" value="25.311-b11"/>
    <property name="java.ext.dirs" value="D:\java\jdk1.8\jre\lib\ext;C:\WINDOWS\Sun\Java\lib\ext"/>
    <property name="sun.io.unicode.encoding" value="UnicodeLittle"/>
    <property name="java.class.version" value="52.0"/>
  </properties>
  <testcase name="contextLoads" classname="com.example.freeemaker.FreeemakerApplicationTests" time="0.411"/>
</testsuite>